{
  "RSpec": {
    "coverage": {
      "/Users/Noora/Desktop/Projects/Course/Week-6/makersbnb-eagle/app/app.rb": [
        1,
        null,
        1,
        1,
        1,
        1,
        1,
        1,
        1,
        null,
        null,
        1,
        null,
        1,
        1,
        1,
        null,
        1,
        1,
        213,
        null,
        null,
        1,
        4,
        null,
        null,
        1,
        2,
        null,
        null,
        null,
        1,
        46,
        null,
        null,
        1,
        null,
        null,
        1,
        1,
        1,
        1
      ],
      "/Users/Noora/Desktop/Projects/Course/Week-6/makersbnb-eagle/app/models/user.rb": [
        1,
        1,
        1,
        null,
        1,
        1,
        null,
        1,
        1,
        1,
        1,
        1,
        null,
        1,
        null,
        null,
        1,
        1,
        null,
        1,
        null,
        1,
        23,
        23,
        null,
        null,
        1,
        6,
        6,
        3,
        null,
        null,
        null,
        null
      ],
      "/Users/Noora/Desktop/Projects/Course/Week-6/makersbnb-eagle/app/models/space.rb": [
        1,
        1,
        1,
        null,
        1,
        null,
        1,
        null,
        1,
        1,
        1,
        1,
        1,
        1,
        1,
        null,
        1,
        null,
        null
      ],
      "/Users/Noora/Desktop/Projects/Course/Week-6/makersbnb-eagle/app/models/request.rb": [
        1,
        1,
        1,
        null,
        1,
        null,
        1,
        null,
        1,
        1,
        1,
        null,
        1,
        1,
        null,
        null
      ],
      "/Users/Noora/Desktop/Projects/Course/Week-6/makersbnb-eagle/app/datamapper_setup.rb": [
        1,
        1,
        null,
        1,
        1,
        null,
        1,
        1,
        1
      ],
      "/Users/Noora/Desktop/Projects/Course/Week-6/makersbnb-eagle/app/controllers/requests.rb": [
        null,
        1,
        null,
        1,
        2,
        1,
        null,
        null,
        null,
        1,
        null,
        1,
        1,
        null,
        null,
        null,
        null,
        1,
        1,
        null,
        null,
        1,
        2,
        null,
        null
      ],
      "/Users/Noora/Desktop/Projects/Course/Week-6/makersbnb-eagle/app/controllers/users.rb": [
        1,
        null,
        1,
        17,
        null,
        null,
        1,
        17,
        null,
        null,
        null,
        null,
        17,
        11,
        11,
        null,
        6,
        6,
        null,
        null,
        null,
        1,
        1,
        1,
        1,
        null,
        null,
        null
      ],
      "/Users/Noora/Desktop/Projects/Course/Week-6/makersbnb-eagle/app/controllers/sessions.rb": [
        1,
        1,
        4,
        null,
        null,
        1,
        4,
        4,
        2,
        2,
        null,
        2,
        2,
        null,
        null,
        null,
        1,
        4,
        4,
        4,
        null,
        null
      ],
      "/Users/Noora/Desktop/Projects/Course/Week-6/makersbnb-eagle/app/controllers/spaces.rb": [
        1,
        null,
        1,
        8,
        null,
        null,
        1,
        6,
        null,
        null,
        null,
        null,
        null,
        null,
        null,
        6,
        null,
        null,
        1,
        6,
        null,
        null,
        1,
        5,
        5,
        null,
        null,
        1,
        3,
        3,
        3,
        null,
        null,
        null
      ],
      "/Users/Noora/Desktop/Projects/Course/Week-6/makersbnb-eagle/spec/features/helpers/user_helpers.rb": [
        1,
        null,
        1,
        17,
        17,
        17,
        17,
        17,
        17,
        17,
        17,
        null,
        null,
        1,
        4,
        4,
        4,
        4,
        4,
        null,
        null,
        1,
        4,
        null,
        null,
        null,
        null,
        null,
        null,
        1,
        6,
        6,
        null,
        null,
        1,
        null,
        null,
        null,
        null,
        null,
        null,
        null,
        6,
        6,
        6,
        6,
        6,
        6,
        null
      ],
      "/Users/Noora/Desktop/Projects/Course/Week-6/makersbnb-eagle/spec/features/list_spaces_spec.rb": [
        1,
        null,
        1,
        3,
        3,
        null,
        null,
        1,
        1,
        1,
        1,
        null,
        null,
        1,
        2,
        1,
        null,
        null,
        1,
        1,
        1,
        1,
        null,
        null
      ],
      "/Users/Noora/Desktop/Projects/Course/Week-6/makersbnb-eagle/spec/features/request_space_spec.rb": [
        1,
        null,
        1,
        2,
        2,
        2,
        2,
        2,
        2,
        null,
        null,
        1,
        1,
        1,
        1,
        1,
        null,
        null,
        1,
        1,
        1,
        1,
        1,
        null,
        null,
        null
      ],
      "/Users/Noora/Desktop/Projects/Course/Week-6/makersbnb-eagle/spec/features/user_listing_spec.rb": [
        1,
        null,
        1,
        1,
        1,
        1,
        1,
        1,
        null,
        null
      ],
      "/Users/Noora/Desktop/Projects/Course/Week-6/makersbnb-eagle/spec/features/user_sign_in_spec.rb": [
        1,
        null,
        1,
        1,
        1,
        1,
        null,
        null,
        1,
        1,
        1,
        1,
        null,
        null,
        1,
        1,
        1,
        1,
        null,
        null,
        null
      ],
      "/Users/Noora/Desktop/Projects/Course/Week-6/makersbnb-eagle/spec/features/user_sign_out_spec.rb": [
        1,
        null,
        1,
        1,
        1,
        1,
        1,
        1,
        null,
        null
      ],
      "/Users/Noora/Desktop/Projects/Course/Week-6/makersbnb-eagle/spec/features/user_sign_up_spec.rb": [
        1,
        null,
        1,
        1,
        1,
        null,
        null,
        1,
        1,
        1,
        null,
        null,
        1,
        2,
        1,
        1,
        null,
        null,
        1,
        2,
        1,
        null,
        null,
        1,
        2,
        1,
        null,
        null,
        1,
        1,
        1,
        2,
        1,
        null,
        null,
        1,
        1,
        1,
        2,
        1,
        null,
        null,
        1,
        2,
        1,
        null,
        null,
        1,
        2,
        1,
        null,
        null,
        null,
        null
      ],
      "/Users/Noora/Desktop/Projects/Course/Week-6/makersbnb-eagle/spec/features/view_space_spec.rb": [
        1,
        null,
        1,
        2,
        null,
        null,
        1,
        1,
        1,
        null,
        null,
        1,
        1,
        1,
        1,
        1,
        1,
        1,
        null,
        null,
        null
      ],
      "/Users/Noora/Desktop/Projects/Course/Week-6/makersbnb-eagle/spec/units/user_spec.rb": [
        1,
        1,
        null,
        1,
        null,
        1,
        2,
        null,
        null,
        null,
        null,
        1,
        1,
        1,
        null,
        null,
        1,
        1,
        null,
        null
      ]
    },
    "timestamp": 1490284344
  }
}
