{
  "RSpec": {
    "coverage": {
      "/Users/vicky/Programmes/makers-bnb-eagle/app/app.rb": [
        1,
        null,
        1,
        1,
        1,
        1,
        1,
        1,
        1,
        null,
        null,
        1,
        null,
        1,
        1,
        1,
        null,
        1,
        1,
        176,
        null,
        null,
        1,
        1,
        null,
        null,
        null,
        1,
        43,
        null,
        null,
        1,
        null,
        null,
        1,
        1,
        1,
        1
      ],
      "/Users/vicky/Programmes/makers-bnb-eagle/app/models/user.rb": [
        1,
        1,
        1,
        null,
        1,
        1,
        null,
        1,
        1,
        1,
        1,
        1,
        null,
        1,
        null,
        null,
        1,
        1,
        null,
        1,
        null,
        1,
        22,
        22,
        null,
        null,
        1,
        6,
        6,
        3,
        null,
        null,
        null,
        null
      ],
      "/Users/vicky/Programmes/makers-bnb-eagle/app/models/space.rb": [
        1,
        1,
        1,
        null,
        1,
        null,
        1,
        null,
        1,
        1,
        1,
        1,
        1,
        1,
        1,
        null,
        1,
        null,
        null
      ],
      "/Users/vicky/Programmes/makers-bnb-eagle/app/models/request.rb": [
        1,
        1,
        1,
        null,
        1,
        null,
        1,
        null,
        1,
        1,
        1,
        null,
        1,
        1,
        null,
        null
      ],
      "/Users/vicky/Programmes/makers-bnb-eagle/app/datamapper_setup.rb": [
        1,
        1,
        null,
        1,
        1,
        null,
        1,
        1,
        1
      ],
      "/Users/vicky/Programmes/makers-bnb-eagle/app/controllers/requests.rb": [
        1,
        null,
        null,
        null,
        1,
        1,
        null,
        null,
        null,
        1,
        null,
        null,
        1,
        1,
        null,
        null,
        null
      ],
      "/Users/vicky/Programmes/makers-bnb-eagle/app/controllers/users.rb": [
        1,
        null,
        1,
        16,
        null,
        null,
        1,
        16,
        null,
        null,
        null,
        null,
        16,
        10,
        10,
        null,
        6,
        6,
        null,
        null,
        null,
        1,
        1,
        1,
        1,
        null,
        null,
        null
      ],
      "/Users/vicky/Programmes/makers-bnb-eagle/app/controllers/sessions.rb": [
        1,
        1,
        4,
        null,
        null,
        1,
        4,
        4,
        2,
        2,
        null,
        2,
        2,
        null,
        null,
        null,
        1,
        4,
        4,
        4,
        null,
        null
      ],
      "/Users/vicky/Programmes/makers-bnb-eagle/app/controllers/spaces.rb": [
        1,
        null,
        1,
        7,
        null,
        null,
        1,
        5,
        null,
        null,
        null,
        null,
        null,
        null,
        null,
        5,
        null,
        null,
        1,
        5,
        null,
        null,
        1,
        4,
        4,
        null,
        null,
        1,
        2,
        2,
        2,
        null,
        null,
        null
      ],
      "/Users/vicky/Programmes/makers-bnb-eagle/spec/features/helpers/user_helpers.rb": [
        1,
        null,
        1,
        16,
        16,
        16,
        16,
        16,
        16,
        16,
        16,
        null,
        null,
        1,
        4,
        4,
        4,
        4,
        4,
        null,
        null,
        1,
        4,
        null,
        null,
        null,
        null,
        null,
        null,
        1,
        5,
        5,
        null,
        null,
        1,
        null,
        null,
        null,
        null,
        null,
        null,
        null,
        5,
        5,
        5,
        5,
        5,
        5,
        null
      ],
      "/Users/vicky/Programmes/makers-bnb-eagle/spec/features/list_spaces_spec.rb": [
        1,
        null,
        1,
        3,
        3,
        null,
        null,
        1,
        1,
        1,
        1,
        null,
        null,
        1,
        2,
        1,
        null,
        null,
        1,
        1,
        1,
        1,
        null,
        null
      ],
      "/Users/vicky/Programmes/makers-bnb-eagle/spec/features/request_space_spec.rb": [
        1,
        null,
        1,
        1,
        null,
        null,
        1,
        1,
        1,
        1,
        1,
        1,
        1,
        null,
        null,
        null
      ],
      "/Users/vicky/Programmes/makers-bnb-eagle/spec/features/user_listing_spec.rb": [
        1,
        null,
        1,
        1,
        1,
        1,
        1,
        1,
        null,
        null
      ],
      "/Users/vicky/Programmes/makers-bnb-eagle/spec/features/user_sign_in_spec.rb": [
        1,
        null,
        1,
        1,
        1,
        1,
        null,
        null,
        1,
        1,
        1,
        1,
        null,
        null,
        1,
        1,
        1,
        1,
        null,
        null,
        null
      ],
      "/Users/vicky/Programmes/makers-bnb-eagle/spec/features/user_sign_out_spec.rb": [
        1,
        null,
        1,
        1,
        1,
        1,
        1,
        1,
        null,
        null
      ],
      "/Users/vicky/Programmes/makers-bnb-eagle/spec/features/user_sign_up_spec.rb": [
        1,
        null,
        1,
        1,
        1,
        null,
        null,
        1,
        1,
        1,
        null,
        null,
        1,
        2,
        1,
        1,
        null,
        null,
        1,
        2,
        1,
        null,
        null,
        1,
        2,
        1,
        null,
        null,
        1,
        1,
        1,
        2,
        1,
        null,
        null,
        1,
        1,
        1,
        2,
        1,
        null,
        null,
        1,
        2,
        1,
        null,
        null,
        1,
        2,
        1,
        null,
        null,
        null,
        null
      ],
      "/Users/vicky/Programmes/makers-bnb-eagle/spec/features/view_space_spec.rb": [
        1,
        null,
        1,
        2,
        null,
        null,
        1,
        1,
        1,
        null,
        null,
        1,
        1,
        1,
        1,
        1,
        1,
        1,
        null,
        null,
        null
      ],
      "/Users/vicky/Programmes/makers-bnb-eagle/spec/models/user_spec.rb": [
        1,
        1,
        null,
        1,
        null,
        1,
        2,
        null,
        null,
        null,
        null,
        1,
        1,
        1,
        null,
        null,
        1,
        1,
        null,
        null
      ]
    },
    "timestamp": 1490267762
  }
}
